<?xml version="1.0" encoding="UTF-8"?>
<testng-results ignored="0" total="1" passed="1" failed="0" skipped="0">
  <reporter-output>
  </reporter-output>
  <suite started-at="2023-02-20T11:24:55 IST" name="Default suite" finished-at="2023-02-20T11:25:08 IST" duration-ms="12864">
    <groups>
    </groups>
    <test started-at="2023-02-20T11:24:55 IST" name="Default test" finished-at="2023-02-20T11:25:08 IST" duration-ms="12864">
      <class name="practice.Multiple_Tab">
        <test-method signature="test()[pri:0, instance:practice.Multiple_Tab@e056f20]" started-at="2023-02-20T11:24:56 IST" name="test" finished-at="2023-02-20T11:25:08 IST" duration-ms="12808" status="PASS">
          <reporter-output>
          </reporter-output>
        </test-method> <!-- test -->
      </class> <!-- practice.Multiple_Tab -->
    </test> <!-- Default test -->
  </suite> <!-- Default suite -->
</testng-results>
